# JRE version: OpenJDK Runtime Environment (8.0_202-b03) (build 1.8.0_202-release-1483-b03)
# Java VM: OpenJDK 64-Bit Server VM (25.202-b03 mixed mode windows-amd64 compressed oops)
Heap:
 PSYoungGen      total 61440K, used 33524K [0x00000000d6000000, 0x00000000dba80000, 0x0000000100000000)
  eden space 56320K, 59% used [0x00000000d6000000,0x00000000d80bd1d0,0x00000000d9700000)
  from space 5120K, 0% used [0x00000000da500000,0x00000000da500000,0x00000000daa00000)
  to   space 14336K, 0% used [0x00000000d9700000,0x00000000d9700000,0x00000000da500000)
 ParOldGen       total 64512K, used 17363K [0x0000000082000000, 0x0000000085f00000, 0x00000000d6000000)
  object space 64512K, 26% used [0x0000000082000000,0x00000000830f4d48,0x0000000085f00000)
 Metaspace       used 35829K, capacity 36378K, committed 36648K, reserved 1081344K
  class space    used 4544K, capacity 4684K, committed 4784K, reserved 1048576K
GC Heap History (10 events):
Event: 1.170 GC heap before
{Heap before GC invocations=4 (full 1):
 PSYoungGen      total 37888K, used 5089K [0x00000000d6000000, 0x00000000daa00000, 0x0000000100000000)
  eden space 32768K, 0% used [0x00000000d6000000,0x00000000d6000000,0x00000000d8000000)
  from space 5120K, 99% used [0x00000000d8000000,0x00000000d84f8458,0x00000000d8500000)
  to   space 5120K, 0% used [0x00000000da500000,0x00000000da500000,0x00000000daa00000)
 ParOldGen       total 86016K, used 11381K [0x0000000082000000, 0x0000000087400000, 0x00000000d6000000)
  object space 86016K, 13% used [0x0000000082000000,0x0000000082b1d4a8,0x0000000087400000)
 Metaspace       used 20757K, capacity 21168K, committed 21296K, reserved 1069056K
  class space    used 2469K, capacity 2596K, committed 2608K, reserved 1048576K
Event: 1.195 GC heap after
Heap after GC invocations=4 (full 1):
 PSYoungGen      total 37888K, used 0K [0x00000000d6000000, 0x00000000daa00000, 0x0000000100000000)
  eden space 32768K, 0% used [0x00000000d6000000,0x00000000d6000000,0x00000000d8000000)
  from space 5120K, 0% used [0x00000000d8000000,0x00000000d8000000,0x00000000d8500000)
  to   space 5120K, 0% used [0x00000000da500000,0x00000000da500000,0x00000000daa00000)
 ParOldGen       total 64512K, used 8947K [0x0000000082000000, 0x0000000085f00000, 0x00000000d6000000)
  object space 64512K, 13% used [0x0000000082000000,0x00000000828bcdf8,0x0000000085f00000)
 Metaspace       used 20757K, capacity 21168K, committed 21296K, reserved 1069056K
  class space    used 2469K, capacity 2596K, committed 2608K, reserved 1048576K
}
Event: 4.670 GC heap before
{Heap before GC invocations=5 (full 1):
 PSYoungGen      total 37888K, used 32768K [0x00000000d6000000, 0x00000000daa00000, 0x0000000100000000)
  eden space 32768K, 100% used [0x00000000d6000000,0x00000000d8000000,0x00000000d8000000)
  from space 5120K, 0% used [0x00000000d8000000,0x00000000d8000000,0x00000000d8500000)
  to   space 5120K, 0% used [0x00000000da500000,0x00000000da500000,0x00000000daa00000)
 ParOldGen       total 64512K, used 8947K [0x0000000082000000, 0x0000000085f00000, 0x00000000d6000000)
  object space 64512K, 13% used [0x0000000082000000,0x00000000828bcdf8,0x0000000085f00000)
 Metaspace       used 24056K, capacity 24548K, committed 24880K, reserved 1071104K
  class space    used 2885K, capacity 3026K, committed 3120K, reserved 1048576K
Event: 4.676 GC heap after
Heap after GC invocations=5 (full 1):
 PSYoungGen      total 51200K, used 5097K [0x00000000d6000000, 0x00000000daa00000, 0x0000000100000000)
  eden space 46080K, 0% used [0x00000000d6000000,0x00000000d6000000,0x00000000d8d00000)
  from space 5120K, 99% used [0x00000000da500000,0x00000000da9fa550,0x00000000daa00000)
  to   space 5120K, 0% used [0x00000000da000000,0x00000000da000000,0x00000000da500000)
 ParOldGen       total 64512K, used 11373K [0x0000000082000000, 0x0000000085f00000, 0x00000000d6000000)
  object space 64512K, 17% used [0x0000000082000000,0x0000000082b1b6e0,0x0000000085f00000)
 Metaspace       used 24056K, capacity 24548K, committed 24880K, reserved 1071104K
  class space    used 2885K, capacity 3026K, committed 3120K, reserved 1048576K
}
Event: 5.138 GC heap before
{Heap before GC invocations=6 (full 1):
 PSYoungGen      total 51200K, used 51177K [0x00000000d6000000, 0x00000000daa00000, 0x0000000100000000)
  eden space 46080K, 100% used [0x00000000d6000000,0x00000000d8d00000,0x00000000d8d00000)
  from space 5120K, 99% used [0x00000000da500000,0x00000000da9fa550,0x00000000daa00000)
  to   space 5120K, 0% used [0x00000000da000000,0x00000000da000000,0x00000000da500000)
 ParOldGen       total 64512K, used 11373K [0x0000000082000000, 0x0000000085f00000, 0x00000000d6000000)
  object space 64512K, 17% used [0x0000000082000000,0x0000000082b1b6e0,0x0000000085f00000)
 Metaspace       used 31337K, capacity 31754K, committed 32176K, reserved 1077248K
  class space    used 3997K, capacity 4154K, committed 4272K, reserved 1048576K
Event: 5.148 GC heap after
Heap after GC invocations=6 (full 1):
 PSYoungGen      total 51200K, used 5090K [0x00000000d6000000, 0x00000000daa00000, 0x0000000100000000)
  eden space 46080K, 0% used [0x00000000d6000000,0x00000000d6000000,0x00000000d8d00000)
  from space 5120K, 99% used [0x00000000da000000,0x00000000da4f8918,0x00000000da500000)
  to   space 5120K, 0% used [0x00000000da500000,0x00000000da500000,0x00000000daa00000)
 ParOldGen       total 64512K, used 21941K [0x0000000082000000, 0x0000000085f00000, 0x00000000d6000000)
  object space 64512K, 34% used [0x0000000082000000,0x000000008356d648,0x0000000085f00000)
 Metaspace       used 31337K, capacity 31754K, committed 32176K, reserved 1077248K
  class space    used 3997K, capacity 4154K, committed 4272K, reserved 1048576K
}
Event: 6.184 GC heap before
{Heap before GC invocations=7 (full 1):
 PSYoungGen      total 51200K, used 19800K [0x00000000d6000000, 0x00000000daa00000, 0x0000000100000000)
  eden space 46080K, 31% used [0x00000000d6000000,0x00000000d6e5d818,0x00000000d8d00000)
  from space 5120K, 99% used [0x00000000da000000,0x00000000da4f8918,0x00000000da500000)
  to   space 5120K, 0% used [0x00000000da500000,0x00000000da500000,0x00000000daa00000)
 ParOldGen       total 64512K, used 21941K [0x0000000082000000, 0x0000000085f00000, 0x00000000d6000000)
  object space 64512K, 34% used [0x0000000082000000,0x000000008356d648,0x0000000085f00000)
 Metaspace       used 34763K, capacity 35252K, committed 35496K, reserved 1081344K
  class space    used 4449K, capacity 4587K, committed 4656K, reserved 1048576K
Event: 6.190 GC heap after
Heap after GC invocations=7 (full 1):
 PSYoungGen      total 61440K, used 5099K [0x00000000d6000000, 0x00000000dba80000, 0x0000000100000000)
  eden space 56320K, 0% used [0x00000000d6000000,0x00000000d6000000,0x00000000d9700000)
  from space 5120K, 99% used [0x00000000da500000,0x00000000da9fadd8,0x00000000daa00000)
  to   space 14336K, 0% used [0x00000000d9700000,0x00000000d9700000,0x00000000da500000)
 ParOldGen       total 64512K, used 25678K [0x0000000082000000, 0x0000000085f00000, 0x00000000d6000000)
  object space 64512K, 39% used [0x0000000082000000,0x0000000083913a38,0x0000000085f00000)
 Metaspace       used 34763K, capacity 35252K, committed 35496K, reserved 1081344K
  class space    used 4449K, capacity 4587K, committed 4656K, reserved 1048576K
}
Event: 6.190 GC heap before
{Heap before GC invocations=8 (full 2):
 PSYoungGen      total 61440K, used 5099K [0x00000000d6000000, 0x00000000dba80000, 0x0000000100000000)
  eden space 56320K, 0% used [0x00000000d6000000,0x00000000d6000000,0x00000000d9700000)
  from space 5120K, 99% used [0x00000000da500000,0x00000000da9fadd8,0x00000000daa00000)
  to   space 14336K, 0% used [0x00000000d9700000,0x00000000d9700000,0x00000000da500000)
 ParOldGen       total 64512K, used 25678K [0x0000000082000000, 0x0000000085f00000, 0x00000000d6000000)
  object space 64512K, 39% used [0x0000000082000000,0x0000000083913a38,0x0000000085f00000)
 Metaspace       used 34763K, capacity 35252K, committed 35496K, reserved 1081344K
  class space    used 4449K, capacity 4587K, committed 4656K, reserved 1048576K
Event: 6.241 GC heap after
Heap after GC invocations=8 (full 2):
 PSYoungGen      total 61440K, used 0K [0x00000000d6000000, 0x00000000dba80000, 0x0000000100000000)
  eden space 56320K, 0% used [0x00000000d6000000,0x00000000d6000000,0x00000000d9700000)
  from space 5120K, 0% used [0x00000000da500000,0x00000000da500000,0x00000000daa00000)
  to   space 14336K, 0% used [0x00000000d9700000,0x00000000d9700000,0x00000000da500000)
 ParOldGen       total 64512K, used 17363K [0x0000000082000000, 0x0000000085f00000, 0x00000000d6000000)
  object space 64512K, 26% used [0x0000000082000000,0x00000000830f4d48,0x0000000085f00000)
 Metaspace       used 34763K, capacity 35252K, committed 35496K, reserved 1081344K
  class space    used 4449K, capacity 4587K, committed 4656K, reserved 1048576K
}

